<?xml version="1.0" encoding="UTF-8"?>
<testng-results skipped="0" failed="0" total="1" passed="1">
  <reporter-output>
  </reporter-output>
  <suite name="Surefire suite" duration-ms="7" started-at="2019-09-26T09:16:19Z" finished-at="2019-09-26T09:16:19Z">
    <groups>
    </groups>
    <test name="Surefire test" duration-ms="7" started-at="2019-09-26T09:16:19Z" finished-at="2019-09-26T09:16:19Z">
      <class name="DemoProject.MyCountryProject.AppTest">
        <test-method status="PASS" signature="testApp()[pri:0, instance:testApp(DemoProject.MyCountryProject.AppTest)]" name="testApp" duration-ms="1" started-at="2019-09-26T14:46:19Z" finished-at="2019-09-26T14:46:19Z">
          <reporter-output>
          </reporter-output>
        </test-method> <!-- testApp -->
      </class> <!-- DemoProject.MyCountryProject.AppTest -->
    </test> <!-- Surefire test -->
  </suite> <!-- Surefire suite -->
</testng-results>
