<?xml version="1.0" encoding="UTF-8"?>
<testng-results skipped="0" failed="0" total="1" passed="1">
  <reporter-output>
  </reporter-output>
  <suite name="Surefire suite" duration-ms="2492" started-at="2019-09-26T09:16:07Z" finished-at="2019-09-26T09:16:09Z">
    <groups>
    </groups>
    <test name="Surefire test" duration-ms="2492" started-at="2019-09-26T09:16:07Z" finished-at="2019-09-26T09:16:09Z">
      <class name="DemoProject.MyCountryProject.GetCountryName">
        <test-method status="PASS" signature="getName()[pri:0, instance:DemoProject.MyCountryProject.GetCountryName@90f6bfd]" name="getName" duration-ms="2481" started-at="2019-09-26T14:46:07Z" finished-at="2019-09-26T14:46:09Z">
          <reporter-output>
          </reporter-output>
        </test-method> <!-- getName -->
      </class> <!-- DemoProject.MyCountryProject.GetCountryName -->
    </test> <!-- Surefire test -->
  </suite> <!-- Surefire suite -->
</testng-results>
