<?xml version="1.0" encoding="UTF-8"?>
<testsuite xmlns:xsi="http://www.w3.org/2001/XMLSchema-instance" xsi:noNamespaceSchemaLocation="https://maven.apache.org/surefire/maven-surefire-plugin/xsd/surefire-test-report.xsd" name="TestSuite" time="22.68" tests="2" errors="0" skipped="0" failures="0">
  <properties>
[...]
</properties>
  <testcase name="getName" classname="DemoProject.MyCountryProject.GetCountryName" time="2.491"/>
  <testcase name="testApp on testApp(DemoProject.MyCountryProject.AppTest)" classname="DemoProject.MyCountryProject.AppTest" time="12.535"/>
</testsuite>